<?xml version="1.0" encoding="UTF-8"?>
<!-- Generated by org.testng.reporters.JUnitReportReporter -->
<testsuite hostname="W114G1TVG3" failures="0" tests="1" name="testCases.TC002_LoginTest" time="1.377" errors="0" timestamp="2024-10-19T11:40:38 IST" skipped="0">
  <testcase classname="testCases.TC002_LoginTest" name="verify_login" time="1.377"/>
</testsuite> <!-- testCases.TC002_LoginTest -->
