<?xml version="1.0" encoding="UTF-8"?>
<!-- Generated by org.testng.reporters.JUnitReportReporter -->
<testsuite hostname="W114G1TVG3" failures="0" tests="1" name="testCases.TC002_LoginTest" time="1.319" errors="0" timestamp="2024-10-19T20:22:40 IST" skipped="0">
  <testcase classname="testCases.TC002_LoginTest" name="verify_login" time="1.319"/>
</testsuite> <!-- testCases.TC002_LoginTest -->
