<?xml version="1.0" encoding="UTF-8"?>
<!-- Generated by org.testng.reporters.JUnitReportReporter -->
<testsuite hostname="W114G1TVG3" failures="0" tests="1" name="testCases.TC001_AccountRegistrationTest" time="1.787" errors="0" timestamp="2024-10-19T20:22:40 IST" skipped="0">
  <testcase classname="testCases.TC001_AccountRegistrationTest" name="verify_account_registration" time="1.787"/>
</testsuite> <!-- testCases.TC001_AccountRegistrationTest -->
